d:\rm_framework - cip\mygameproject\debug\mygameproject.pch
d:\rm_framework - cip\mygameproject\debug\vc140.pdb
d:\rm_framework - cip\mygameproject\debug\vc140.idb
d:\rm_framework - cip\mygameproject\debug\stdafx.obj
d:\rm_framework - cip\mygameproject\debug\fireenemymissilebehavior.obj
d:\rm_framework - cip\mygameproject\debug\fireraybehavior.obj
d:\rm_framework - cip\mygameproject\debug\guardbehavior.obj
d:\rm_framework - cip\mygameproject\debug\mygame.obj
d:\rm_framework - cip\mygameproject\debug\mygameproject.obj
d:\rm_framework - cip\mygameproject\debug\firemissilebehavior.obj
d:\rm_framework - cip\mygameproject\debug\mapstorage.obj
d:\rm_framework - cip\debug\mygameproject.ilk
d:\rm_framework - cip\debug\mygameproject.exe
d:\rm_framework - cip\debug\mygameproject.pdb
d:\rm_framework - cip\mygameproject\debug\mygameproject.res
d:\rm_framework - cip\mygameproject\debug\mygameproject.tlog\cl.command.1.tlog
d:\rm_framework - cip\mygameproject\debug\mygameproject.tlog\cl.read.1.tlog
d:\rm_framework - cip\mygameproject\debug\mygameproject.tlog\cl.write.1.tlog
d:\rm_framework - cip\mygameproject\debug\mygameproject.tlog\link.command.1.tlog
d:\rm_framework - cip\mygameproject\debug\mygameproject.tlog\link.read.1.tlog
d:\rm_framework - cip\mygameproject\debug\mygameproject.tlog\link.write.1.tlog
d:\rm_framework - cip\mygameproject\debug\mygameproject.tlog\rc.command.1.tlog
d:\rm_framework - cip\mygameproject\debug\mygameproject.tlog\rc.read.1.tlog
d:\rm_framework - cip\mygameproject\debug\mygameproject.tlog\rc.write.1.tlog
