Build started 05/05/2017 06:26:06.
     1>Project "C:\Users\larz\Documents\rm_framework - Cip-final\rm_framework - Cip\MyGameProject\MyGameProject.vcxproj" on node 2 (Build target(s)).
     1>ClCompile:
         C:\Program Files (x86)\Microsoft Visual Studio 14.0\VC\bin\CL.exe /c /ZI /nologo /W3 /WX- /sdl /Od /Oy- /D WIN32 /D _DEBUG /D _WINDOWS /D _UNICODE /D UNICODE /Gm /EHsc /RTC1 /MDd /GS /fp:precise /Zc:wchar_t /Zc:forScope /Zc:inline /Yc"stdafx.h" /Fp"Debug\MyGameProject.pch" /Fo"Debug\\" /Fd"Debug\vc140.pdb" /Gd /TP /analyze- /errorReport:prompt stdafx.cpp
         stdafx.cpp
     1>c:\users\larz\documents\rm_framework - cip-final\rm_framework - cip\include\game.h(11): warning C4091: 'static ': ignored on left of 'eGameState' when no variable is declared
     1>c:\users\larz\documents\rm_framework - cip-final\rm_framework - cip\mygameproject\mygame.h(48): warning C4091: 'static ': ignored on left of 'TextureNames' when no variable is declared
         C:\Program Files (x86)\Microsoft Visual Studio 14.0\VC\bin\CL.exe /c /ZI /nologo /W3 /WX- /sdl /Od /Oy- /D WIN32 /D _DEBUG /D _WINDOWS /D _UNICODE /D UNICODE /Gm /EHsc /RTC1 /MDd /GS /fp:precise /Zc:wchar_t /Zc:forScope /Zc:inline /Yu"stdafx.h" /Fp"Debug\MyGameProject.pch" /Fo"Debug\\" /Fd"Debug\vc140.pdb" /Gd /TP /analyze- /errorReport:prompt FireEnemyMissileBehavior.cpp FireRayBehavior.cpp GuardBehavior.cpp GuardCaptain.cpp MapStorage.cpp MyGame.cpp MyGameProject.cpp FireMissileBehavior.cpp
         FireMissileBehavior.cpp
     1>c:\users\larz\documents\rm_framework - cip-final\rm_framework - cip\mygameproject\firemissilebehavior.cpp(30): warning C4244: 'initializing': conversion from 'int' to 'float', possible loss of data
     1>c:\users\larz\documents\rm_framework - cip-final\rm_framework - cip\mygameproject\firemissilebehavior.cpp(31): warning C4244: 'initializing': conversion from 'int' to 'float', possible loss of data
     1>c:\users\larz\documents\rm_framework - cip-final\rm_framework - cip\mygameproject\firemissilebehavior.cpp(45): warning C4305: 'initializing': truncation from 'double' to 'float'
     1>c:\users\larz\documents\rm_framework - cip-final\rm_framework - cip\mygameproject\firemissilebehavior.cpp(51): warning C4305: 'argument': truncation from 'double' to 'float'
         MyGameProject.cpp
         MyGame.cpp
     1>c:\users\larz\documents\rm_framework - cip-final\rm_framework - cip\mygameproject\mygame.cpp(79): warning C4305: 'argument': truncation from 'double' to 'float'
     1>c:\users\larz\documents\rm_framework - cip-final\rm_framework - cip\mygameproject\mygame.cpp(80): warning C4305: 'argument': truncation from 'double' to 'float'
     1>c:\users\larz\documents\rm_framework - cip-final\rm_framework - cip\mygameproject\mygame.cpp(87): warning C4305: 'argument': truncation from 'double' to 'float'
     1>c:\users\larz\documents\rm_framework - cip-final\rm_framework - cip\mygameproject\mygame.cpp(88): warning C4305: 'argument': truncation from 'double' to 'float'
     1>c:\users\larz\documents\rm_framework - cip-final\rm_framework - cip\mygameproject\mygame.cpp(95): warning C4305: 'argument': truncation from 'double' to 'float'
     1>c:\users\larz\documents\rm_framework - cip-final\rm_framework - cip\mygameproject\mygame.cpp(96): warning C4305: 'argument': truncation from 'double' to 'float'
     1>c:\users\larz\documents\rm_framework - cip-final\rm_framework - cip\mygameproject\mygame.cpp(314): warning C4305: 'argument': truncation from 'double' to 'float'
     1>c:\users\larz\documents\rm_framework - cip-final\rm_framework - cip\mygameproject\mygame.cpp(315): warning C4305: 'argument': truncation from 'double' to 'float'
     1>c:\users\larz\documents\rm_framework - cip-final\rm_framework - cip\mygameproject\mygame.cpp(326): warning C4305: 'argument': truncation from 'double' to 'float'
     1>c:\users\larz\documents\rm_framework - cip-final\rm_framework - cip\mygameproject\mygame.cpp(327): warning C4305: 'argument': truncation from 'double' to 'float'
     1>c:\users\larz\documents\rm_framework - cip-final\rm_framework - cip\mygameproject\mygame.cpp(338): warning C4305: 'argument': truncation from 'double' to 'float'
     1>c:\users\larz\documents\rm_framework - cip-final\rm_framework - cip\mygameproject\mygame.cpp(339): warning C4305: 'argument': truncation from 'double' to 'float'
     1>c:\users\larz\documents\rm_framework - cip-final\rm_framework - cip\mygameproject\mygame.cpp(347): warning C4305: 'argument': truncation from 'double' to 'float'
     1>c:\users\larz\documents\rm_framework - cip-final\rm_framework - cip\mygameproject\mygame.cpp(359): warning C4305: 'argument': truncation from 'double' to 'float'
     1>c:\users\larz\documents\rm_framework - cip-final\rm_framework - cip\mygameproject\mygame.cpp(376): warning C4305: 'argument': truncation from 'double' to 'float'
     1>c:\users\larz\documents\rm_framework - cip-final\rm_framework - cip\mygameproject\mygame.cpp(393): warning C4305: 'argument': truncation from 'double' to 'float'
     1>c:\users\larz\documents\rm_framework - cip-final\rm_framework - cip\mygameproject\mygame.cpp(411): warning C4305: 'argument': truncation from 'double' to 'float'
     1>c:\users\larz\documents\rm_framework - cip-final\rm_framework - cip\mygameproject\mygame.cpp(427): warning C4305: 'argument': truncation from 'double' to 'float'
     1>c:\users\larz\documents\rm_framework - cip-final\rm_framework - cip\mygameproject\mygame.cpp(429): warning C4305: 'argument': truncation from 'double' to 'float'
     1>c:\users\larz\documents\rm_framework - cip-final\rm_framework - cip\mygameproject\mygame.cpp(430): warning C4305: 'argument': truncation from 'double' to 'float'
     1>c:\users\larz\documents\rm_framework - cip-final\rm_framework - cip\mygameproject\mygame.cpp(445): warning C4305: 'argument': truncation from 'double' to 'float'
     1>c:\users\larz\documents\rm_framework - cip-final\rm_framework - cip\mygameproject\mygame.cpp(447): warning C4305: 'argument': truncation from 'double' to 'float'
     1>c:\users\larz\documents\rm_framework - cip-final\rm_framework - cip\mygameproject\mygame.cpp(448): warning C4305: 'argument': truncation from 'double' to 'float'
     1>c:\users\larz\documents\rm_framework - cip-final\rm_framework - cip\mygameproject\mygame.cpp(461): warning C4305: 'argument': truncation from 'double' to 'float'
     1>c:\users\larz\documents\rm_framework - cip-final\rm_framework - cip\mygameproject\mygame.cpp(463): warning C4305: 'argument': truncation from 'double' to 'float'
     1>c:\users\larz\documents\rm_framework - cip-final\rm_framework - cip\mygameproject\mygame.cpp(464): warning C4305: 'argument': truncation from 'double' to 'float'
     1>c:\users\larz\documents\rm_framework - cip-final\rm_framework - cip\mygameproject\mygame.cpp(480): warning C4305: 'argument': truncation from 'double' to 'float'
     1>c:\users\larz\documents\rm_framework - cip-final\rm_framework - cip\mygameproject\mygame.cpp(492): warning C4305: 'argument': truncation from 'double' to 'float'
     1>c:\users\larz\documents\rm_framework - cip-final\rm_framework - cip\mygameproject\mygame.cpp(494): warning C4305: 'argument': truncation from 'double' to 'float'
     1>c:\users\larz\documents\rm_framework - cip-final\rm_framework - cip\mygameproject\mygame.cpp(495): warning C4305: 'argument': truncation from 'double' to 'float'
     1>c:\users\larz\documents\rm_framework - cip-final\rm_framework - cip\mygameproject\mygame.cpp(513): warning C4305: 'argument': truncation from 'double' to 'float'
     1>c:\users\larz\documents\rm_framework - cip-final\rm_framework - cip\mygameproject\mygame.cpp(526): warning C4305: 'argument': truncation from 'double' to 'float'
     1>c:\users\larz\documents\rm_framework - cip-final\rm_framework - cip\mygameproject\mygame.cpp(528): warning C4305: 'argument': truncation from 'double' to 'float'
     1>c:\users\larz\documents\rm_framework - cip-final\rm_framework - cip\mygameproject\mygame.cpp(529): warning C4305: 'argument': truncation from 'double' to 'float'
     1>c:\users\larz\documents\rm_framework - cip-final\rm_framework - cip\mygameproject\mygame.cpp(547): warning C4305: 'argument': truncation from 'double' to 'float'
     1>c:\users\larz\documents\rm_framework - cip-final\rm_framework - cip\mygameproject\mygame.cpp(560): warning C4305: 'argument': truncation from 'double' to 'float'
     1>c:\users\larz\documents\rm_framework - cip-final\rm_framework - cip\mygameproject\mygame.cpp(560): warning C4244: 'argument': conversion from 'double' to 'float', possible loss of data
     1>c:\users\larz\documents\rm_framework - cip-final\rm_framework - cip\mygameproject\mygame.cpp(562): warning C4305: 'argument': truncation from 'double' to 'float'
     1>c:\users\larz\documents\rm_framework - cip-final\rm_framework - cip\mygameproject\mygame.cpp(562): warning C4244: 'argument': conversion from 'double' to 'float', possible loss of data
     1>c:\users\larz\documents\rm_framework - cip-final\rm_framework - cip\mygameproject\mygame.cpp(563): warning C4305: 'argument': truncation from 'double' to 'float'
     1>c:\users\larz\documents\rm_framework - cip-final\rm_framework - cip\mygameproject\mygame.cpp(581): warning C4305: 'argument': truncation from 'double' to 'float'
     1>c:\users\larz\documents\rm_framework - cip-final\rm_framework - cip\mygameproject\mygame.cpp(594): warning C4305: 'argument': truncation from 'double' to 'float'
     1>c:\users\larz\documents\rm_framework - cip-final\rm_framework - cip\mygameproject\mygame.cpp(596): warning C4305: 'argument': truncation from 'double' to 'float'
     1>c:\users\larz\documents\rm_framework - cip-final\rm_framework - cip\mygameproject\mygame.cpp(597): warning C4305: 'argument': truncation from 'double' to 'float'
     1>c:\users\larz\documents\rm_framework - cip-final\rm_framework - cip\mygameproject\mygame.cpp(614): warning C4305: 'argument': truncation from 'double' to 'float'
     1>c:\users\larz\documents\rm_framework - cip-final\rm_framework - cip\mygameproject\mygame.cpp(615): warning C4305: 'argument': truncation from 'double' to 'float'
     1>c:\users\larz\documents\rm_framework - cip-final\rm_framework - cip\mygameproject\mygame.cpp(630): warning C4305: 'argument': truncation from 'double' to 'float'
     1>c:\users\larz\documents\rm_framework - cip-final\rm_framework - cip\mygameproject\mygame.cpp(631): warning C4305: 'argument': truncation from 'double' to 'float'
     1>c:\users\larz\documents\rm_framework - cip-final\rm_framework - cip\mygameproject\mygame.cpp(642): warning C4305: 'argument': truncation from 'double' to 'float'
     1>c:\users\larz\documents\rm_framework - cip-final\rm_framework - cip\mygameproject\mygame.cpp(643): warning C4305: 'argument': truncation from 'double' to 'float'
     1>c:\users\larz\documents\rm_framework - cip-final\rm_framework - cip\mygameproject\mygame.cpp(654): warning C4305: 'argument': truncation from 'double' to 'float'
     1>c:\users\larz\documents\rm_framework - cip-final\rm_framework - cip\mygameproject\mygame.cpp(655): warning C4305: 'argument': truncation from 'double' to 'float'
     1>c:\users\larz\documents\rm_framework - cip-final\rm_framework - cip\mygameproject\mygame.cpp(666): warning C4305: 'argument': truncation from 'double' to 'float'
     1>c:\users\larz\documents\rm_framework - cip-final\rm_framework - cip\mygameproject\mygame.cpp(667): warning C4305: 'argument': truncation from 'double' to 'float'
     1>c:\users\larz\documents\rm_framework - cip-final\rm_framework - cip\mygameproject\mygame.cpp(678): warning C4305: 'argument': truncation from 'double' to 'float'
     1>c:\users\larz\documents\rm_framework - cip-final\rm_framework - cip\mygameproject\mygame.cpp(679): warning C4305: 'argument': truncation from 'double' to 'float'
     1>c:\users\larz\documents\rm_framework - cip-final\rm_framework - cip\mygameproject\mygame.cpp(692): warning C4305: 'argument': truncation from 'double' to 'float'
     1>c:\users\larz\documents\rm_framework - cip-final\rm_framework - cip\mygameproject\mygame.cpp(708): warning C4305: 'argument': truncation from 'double' to 'float'
     1>c:\users\larz\documents\rm_framework - cip-final\rm_framework - cip\mygameproject\mygame.cpp(726): warning C4305: 'argument': truncation from 'double' to 'float'
     1>c:\users\larz\documents\rm_framework - cip-final\rm_framework - cip\mygameproject\mygame.cpp(742): warning C4305: 'argument': truncation from 'double' to 'float'
     1>c:\users\larz\documents\rm_framework - cip-final\rm_framework - cip\mygameproject\mygame.cpp(760): warning C4305: 'argument': truncation from 'double' to 'float'
     1>c:\users\larz\documents\rm_framework - cip-final\rm_framework - cip\mygameproject\mygame.cpp(761): warning C4305: 'argument': truncation from 'double' to 'float'
     1>c:\users\larz\documents\rm_framework - cip-final\rm_framework - cip\mygameproject\mygame.cpp(772): warning C4305: 'argument': truncation from 'double' to 'float'
     1>c:\users\larz\documents\rm_framework - cip-final\rm_framework - cip\mygameproject\mygame.cpp(773): warning C4305: 'argument': truncation from 'double' to 'float'
     1>c:\users\larz\documents\rm_framework - cip-final\rm_framework - cip\mygameproject\mygame.cpp(786): warning C4305: 'argument': truncation from 'double' to 'float'
     1>c:\users\larz\documents\rm_framework - cip-final\rm_framework - cip\mygameproject\mygame.cpp(800): warning C4305: 'argument': truncation from 'double' to 'float'
     1>c:\users\larz\documents\rm_framework - cip-final\rm_framework - cip\mygameproject\mygame.cpp(802): warning C4305: 'argument': truncation from 'double' to 'float'
     1>c:\users\larz\documents\rm_framework - cip-final\rm_framework - cip\mygameproject\mygame.cpp(803): warning C4305: 'argument': truncation from 'double' to 'float'
     1>c:\users\larz\documents\rm_framework - cip-final\rm_framework - cip\mygameproject\mygame.cpp(820): warning C4305: 'argument': truncation from 'double' to 'float'
     1>c:\users\larz\documents\rm_framework - cip-final\rm_framework - cip\mygameproject\mygame.cpp(834): warning C4305: 'argument': truncation from 'double' to 'float'
     1>c:\users\larz\documents\rm_framework - cip-final\rm_framework - cip\mygameproject\mygame.cpp(836): warning C4305: 'argument': truncation from 'double' to 'float'
     1>c:\users\larz\documents\rm_framework - cip-final\rm_framework - cip\mygameproject\mygame.cpp(837): warning C4305: 'argument': truncation from 'double' to 'float'
     1>c:\users\larz\documents\rm_framework - cip-final\rm_framework - cip\mygameproject\mygame.cpp(853): warning C4305: 'argument': truncation from 'double' to 'float'
     1>c:\users\larz\documents\rm_framework - cip-final\rm_framework - cip\mygameproject\mygame.cpp(870): warning C4305: 'argument': truncation from 'double' to 'float'
     1>c:\users\larz\documents\rm_framework - cip-final\rm_framework - cip\mygameproject\mygame.cpp(886): warning C4305: 'argument': truncation from 'double' to 'float'
     1>c:\users\larz\documents\rm_framework - cip-final\rm_framework - cip\mygameproject\mygame.cpp(903): warning C4305: 'argument': truncation from 'double' to 'float'
     1>c:\users\larz\documents\rm_framework - cip-final\rm_framework - cip\mygameproject\mygame.cpp(916): warning C4305: 'argument': truncation from 'double' to 'float'
     1>c:\users\larz\documents\rm_framework - cip-final\rm_framework - cip\mygameproject\mygame.cpp(918): warning C4305: 'argument': truncation from 'double' to 'float'
     1>c:\users\larz\documents\rm_framework - cip-final\rm_framework - cip\mygameproject\mygame.cpp(919): warning C4305: 'argument': truncation from 'double' to 'float'
     1>c:\users\larz\documents\rm_framework - cip-final\rm_framework - cip\mygameproject\mygame.cpp(934): warning C4305: 'argument': truncation from 'double' to 'float'
     1>c:\users\larz\documents\rm_framework - cip-final\rm_framework - cip\mygameproject\mygame.cpp(935): warning C4305: 'argument': truncation from 'double' to 'float'
     1>c:\users\larz\documents\rm_framework - cip-final\rm_framework - cip\mygameproject\mygame.cpp(945): warning C4305: 'argument': truncation from 'double' to 'float'
     1>c:\users\larz\documents\rm_framework - cip-final\rm_framework - cip\mygameproject\mygame.cpp(946): warning C4305: 'argument': truncation from 'double' to 'float'
     1>c:\users\larz\documents\rm_framework - cip-final\rm_framework - cip\mygameproject\mygame.cpp(959): warning C4305: 'argument': truncation from 'double' to 'float'
     1>c:\users\larz\documents\rm_framework - cip-final\rm_framework - cip\mygameproject\mygame.cpp(960): warning C4305: 'argument': truncation from 'double' to 'float'
     1>c:\users\larz\documents\rm_framework - cip-final\rm_framework - cip\mygameproject\mygame.cpp(971): warning C4305: 'argument': truncation from 'double' to 'float'
     1>c:\users\larz\documents\rm_framework - cip-final\rm_framework - cip\mygameproject\mygame.cpp(972): warning C4305: 'argument': truncation from 'double' to 'float'
     1>c:\users\larz\documents\rm_framework - cip-final\rm_framework - cip\mygameproject\mygame.cpp(983): warning C4305: 'argument': truncation from 'double' to 'float'
     1>c:\users\larz\documents\rm_framework - cip-final\rm_framework - cip\mygameproject\mygame.cpp(984): warning C4305: 'argument': truncation from 'double' to 'float'
     1>c:\users\larz\documents\rm_framework - cip-final\rm_framework - cip\mygameproject\mygame.cpp(995): warning C4305: 'argument': truncation from 'double' to 'float'
     1>c:\users\larz\documents\rm_framework - cip-final\rm_framework - cip\mygameproject\mygame.cpp(996): warning C4305: 'argument': truncation from 'double' to 'float'
     1>c:\users\larz\documents\rm_framework - cip-final\rm_framework - cip\mygameproject\mygame.cpp(1007): warning C4305: 'argument': truncation from 'double' to 'float'
     1>c:\users\larz\documents\rm_framework - cip-final\rm_framework - cip\mygameproject\mygame.cpp(1008): warning C4305: 'argument': truncation from 'double' to 'float'
     1>c:\users\larz\documents\rm_framework - cip-final\rm_framework - cip\mygameproject\mygame.cpp(1019): warning C4305: 'argument': truncation from 'double' to 'float'
     1>c:\users\larz\documents\rm_framework - cip-final\rm_framework - cip\mygameproject\mygame.cpp(1020): warning C4305: 'argument': truncation from 'double' to 'float'
     1>c:\users\larz\documents\rm_framework - cip-final\rm_framework - cip\mygameproject\mygame.cpp(1031): warning C4305: 'argument': truncation from 'double' to 'float'
     1>c:\users\larz\documents\rm_framework - cip-final\rm_framework - cip\mygameproject\mygame.cpp(1032): warning C4305: 'argument': truncation from 'double' to 'float'
     1>c:\users\larz\documents\rm_framework - cip-final\rm_framework - cip\mygameproject\mygame.cpp(1043): warning C4305: 'argument': truncation from 'double' to 'float'
     1>c:\users\larz\documents\rm_framework - cip-final\rm_framework - cip\mygameproject\mygame.cpp(1044): warning C4305: 'argument': truncation from 'double' to 'float'
     1>c:\users\larz\documents\rm_framework - cip-final\rm_framework - cip\mygameproject\mygame.cpp(1057): warning C4305: 'argument': truncation from 'double' to 'float'
     1>c:\users\larz\documents\rm_framework - cip-final\rm_framework - cip\mygameproject\mygame.cpp(1074): warning C4305: 'argument': truncation from 'double' to 'float'
     1>c:\users\larz\documents\rm_framework - cip-final\rm_framework - cip\mygameproject\mygame.cpp(1088): warning C4244: 'argument': conversion from 'double' to 'int', possible loss of data
     1>c:\users\larz\documents\rm_framework - cip-final\rm_framework - cip\mygameproject\mygame.cpp(1090): warning C4305: 'argument': truncation from 'double' to 'float'
     1>c:\users\larz\documents\rm_framework - cip-final\rm_framework - cip\mygameproject\mygame.cpp(1091): warning C4305: 'argument': truncation from 'double' to 'float'
     1>c:\users\larz\documents\rm_framework - cip-final\rm_framework - cip\mygameproject\mygame.cpp(1108): warning C4305: 'argument': truncation from 'double' to 'float'
     1>c:\users\larz\documents\rm_framework - cip-final\rm_framework - cip\mygameproject\mygame.cpp(1125): warning C4305: 'argument': truncation from 'double' to 'float'
     1>c:\users\larz\documents\rm_framework - cip-final\rm_framework - cip\mygameproject\mygame.cpp(1142): warning C4305: 'argument': truncation from 'double' to 'float'
     1>c:\users\larz\documents\rm_framework - cip-final\rm_framework - cip\mygameproject\mygame.cpp(1144): warning C4305: 'argument': truncation from 'double' to 'float'
     1>c:\users\larz\documents\rm_framework - cip-final\rm_framework - cip\mygameproject\mygame.cpp(1145): warning C4305: 'argument': truncation from 'double' to 'float'
     1>c:\users\larz\documents\rm_framework - cip-final\rm_framework - cip\mygameproject\mygame.cpp(1162): warning C4305: 'argument': truncation from 'double' to 'float'
     1>c:\users\larz\documents\rm_framework - cip-final\rm_framework - cip\mygameproject\mygame.cpp(1177): warning C4305: 'argument': truncation from 'double' to 'float'
     1>c:\users\larz\documents\rm_framework - cip-final\rm_framework - cip\mygameproject\mygame.cpp(1178): warning C4305: 'argument': truncation from 'double' to 'float'
     1>c:\users\larz\documents\rm_framework - cip-final\rm_framework - cip\mygameproject\mygame.cpp(1188): warning C4305: 'argument': truncation from 'double' to 'float'
     1>c:\users\larz\documents\rm_framework - cip-final\rm_framework - cip\mygameproject\mygame.cpp(1189): warning C4305: 'argument': truncation from 'double' to 'float'
     1>c:\users\larz\documents\rm_framework - cip-final\rm_framework - cip\mygameproject\mygame.cpp(1202): warning C4305: 'argument': truncation from 'double' to 'float'
     1>c:\users\larz\documents\rm_framework - cip-final\rm_framework - cip\mygameproject\mygame.cpp(1219): warning C4305: 'argument': truncation from 'double' to 'float'
     1>c:\users\larz\documents\rm_framework - cip-final\rm_framework - cip\mygameproject\mygame.cpp(1233): warning C4305: 'argument': truncation from 'double' to 'float'
     1>c:\users\larz\documents\rm_framework - cip-final\rm_framework - cip\mygameproject\mygame.cpp(1235): warning C4305: 'argument': truncation from 'double' to 'float'
     1>c:\users\larz\documents\rm_framework - cip-final\rm_framework - cip\mygameproject\mygame.cpp(1236): warning C4305: 'argument': truncation from 'double' to 'float'
     1>c:\users\larz\documents\rm_framework - cip-final\rm_framework - cip\mygameproject\mygame.cpp(1250): warning C4305: 'argument': truncation from 'double' to 'float'
     1>c:\users\larz\documents\rm_framework - cip-final\rm_framework - cip\mygameproject\mygame.cpp(1252): warning C4305: 'argument': truncation from 'double' to 'float'
     1>c:\users\larz\documents\rm_framework - cip-final\rm_framework - cip\mygameproject\mygame.cpp(1253): warning C4305: 'argument': truncation from 'double' to 'float'
     1>c:\users\larz\documents\rm_framework - cip-final\rm_framework - cip\mygameproject\mygame.cpp(1267): warning C4305: 'argument': truncation from 'double' to 'float'
     1>c:\users\larz\documents\rm_framework - cip-final\rm_framework - cip\mygameproject\mygame.cpp(1269): warning C4305: 'argument': truncation from 'double' to 'float'
     1>c:\users\larz\documents\rm_framework - cip-final\rm_framework - cip\mygameproject\mygame.cpp(1270): warning C4305: 'argument': truncation from 'double' to 'float'
     1>c:\users\larz\documents\rm_framework - cip-final\rm_framework - cip\mygameproject\mygame.cpp(1289): warning C4305: 'argument': truncation from 'double' to 'float'
     1>c:\users\larz\documents\rm_framework - cip-final\rm_framework - cip\mygameproject\mygame.cpp(1302): warning C4305: 'argument': truncation from 'double' to 'float'
     1>c:\users\larz\documents\rm_framework - cip-final\rm_framework - cip\mygameproject\mygame.cpp(1314): warning C4305: 'argument': truncation from 'double' to 'float'
     1>c:\users\larz\documents\rm_framework - cip-final\rm_framework - cip\mygameproject\mygame.cpp(1328): warning C4305: 'argument': truncation from 'double' to 'float'
     1>c:\users\larz\documents\rm_framework - cip-final\rm_framework - cip\mygameproject\mygame.cpp(1342): warning C4305: 'argument': truncation from 'double' to 'float'
     1>c:\users\larz\documents\rm_framework - cip-final\rm_framework - cip\mygameproject\mygame.cpp(1357): warning C4305: 'argument': truncation from 'double' to 'float'
     1>c:\users\larz\documents\rm_framework - cip-final\rm_framework - cip\mygameproject\mygame.cpp(1371): warning C4305: 'argument': truncation from 'double' to 'float'
     1>c:\users\larz\documents\rm_framework - cip-final\rm_framework - cip\mygameproject\mygame.cpp(1385): warning C4305: 'argument': truncation from 'double' to 'float'
     1>c:\users\larz\documents\rm_framework - cip-final\rm_framework - cip\mygameproject\mygame.cpp(1399): warning C4305: 'argument': truncation from 'double' to 'float'
     1>c:\users\larz\documents\rm_framework - cip-final\rm_framework - cip\mygameproject\mygame.cpp(1413): warning C4305: 'argument': truncation from 'double' to 'float'
     1>c:\users\larz\documents\rm_framework - cip-final\rm_framework - cip\mygameproject\mygame.cpp(1427): warning C4305: 'argument': truncation from 'double' to 'float'
     1>c:\users\larz\documents\rm_framework - cip-final\rm_framework - cip\mygameproject\mygame.cpp(1441): warning C4305: 'argument': truncation from 'double' to 'float'
     1>c:\users\larz\documents\rm_framework - cip-final\rm_framework - cip\mygameproject\mygame.cpp(1455): warning C4305: 'argument': truncation from 'double' to 'float'
     1>c:\users\larz\documents\rm_framework - cip-final\rm_framework - cip\mygameproject\mygame.cpp(1469): warning C4305: 'argument': truncation from 'double' to 'float'
     1>c:\users\larz\documents\rm_framework - cip-final\rm_framework - cip\mygameproject\mygame.cpp(1483): warning C4305: 'argument': truncation from 'double' to 'float'
     1>c:\users\larz\documents\rm_framework - cip-final\rm_framework - cip\mygameproject\mygame.cpp(1497): warning C4305: 'argument': truncation from 'double' to 'float'
     1>c:\users\larz\documents\rm_framework - cip-final\rm_framework - cip\mygameproject\mygame.cpp(1511): warning C4305: 'argument': truncation from 'double' to 'float'
     1>c:\users\larz\documents\rm_framework - cip-final\rm_framework - cip\mygameproject\mygame.cpp(1525): warning C4305: 'argument': truncation from 'double' to 'float'
     1>c:\users\larz\documents\rm_framework - cip-final\rm_framework - cip\mygameproject\mygame.cpp(1539): warning C4305: 'argument': truncation from 'double' to 'float'
     1>c:\users\larz\documents\rm_framework - cip-final\rm_framework - cip\mygameproject\mygame.cpp(1555): warning C4305: 'argument': truncation from 'double' to 'float'
     1>c:\users\larz\documents\rm_framework - cip-final\rm_framework - cip\mygameproject\mygame.cpp(1572): warning C4305: 'argument': truncation from 'double' to 'float'
     1>c:\users\larz\documents\rm_framework - cip-final\rm_framework - cip\mygameproject\mygame.cpp(1589): warning C4305: 'argument': truncation from 'double' to 'float'
     1>c:\users\larz\documents\rm_framework - cip-final\rm_framework - cip\mygameproject\mygame.cpp(1606): warning C4305: 'argument': truncation from 'double' to 'float'
     1>c:\users\larz\documents\rm_framework - cip-final\rm_framework - cip\mygameproject\mygame.cpp(1623): warning C4305: 'argument': truncation from 'double' to 'float'
     1>c:\users\larz\documents\rm_framework - cip-final\rm_framework - cip\mygameproject\mygame.cpp(1640): warning C4305: 'argument': truncation from 'double' to 'float'
     1>c:\users\larz\documents\rm_framework - cip-final\rm_framework - cip\mygameproject\mygame.cpp(1657): warning C4305: 'argument': truncation from 'double' to 'float'
     1>c:\users\larz\documents\rm_framework - cip-final\rm_framework - cip\mygameproject\mygame.cpp(1674): warning C4305: 'argument': truncation from 'double' to 'float'
     1>c:\users\larz\documents\rm_framework - cip-final\rm_framework - cip\mygameproject\mygame.cpp(1691): warning C4305: 'argument': truncation from 'double' to 'float'
     1>c:\users\larz\documents\rm_framework - cip-final\rm_framework - cip\mygameproject\mygame.cpp(1708): warning C4305: 'argument': truncation from 'double' to 'float'
     1>c:\users\larz\documents\rm_framework - cip-final\rm_framework - cip\mygameproject\mygame.cpp(1725): warning C4305: 'argument': truncation from 'double' to 'float'
     1>c:\users\larz\documents\rm_framework - cip-final\rm_framework - cip\mygameproject\mygame.cpp(1742): warning C4305: 'argument': truncation from 'double' to 'float'
     1>c:\users\larz\documents\rm_framework - cip-final\rm_framework - cip\mygameproject\mygame.cpp(1759): warning C4305: 'argument': truncation from 'double' to 'float'
     1>c:\users\larz\documents\rm_framework - cip-final\rm_framework - cip\mygameproject\mygame.cpp(1760): warning C4305: 'argument': truncation from 'double' to 'float'
     1>c:\users\larz\documents\rm_framework - cip-final\rm_framework - cip\mygameproject\mygame.cpp(1776): warning C4305: 'argument': truncation from 'double' to 'float'
     1>c:\users\larz\documents\rm_framework - cip-final\rm_framework - cip\mygameproject\mygame.cpp(1777): warning C4305: 'argument': truncation from 'double' to 'float'
     1>c:\users\larz\documents\rm_framework - cip-final\rm_framework - cip\mygameproject\mygame.cpp(1793): warning C4305: 'argument': truncation from 'double' to 'float'
     1>c:\users\larz\documents\rm_framework - cip-final\rm_framework - cip\mygameproject\mygame.cpp(1794): warning C4305: 'argument': truncation from 'double' to 'float'
     1>c:\users\larz\documents\rm_framework - cip-final\rm_framework - cip\mygameproject\mygame.cpp(1810): warning C4305: 'argument': truncation from 'double' to 'float'
     1>c:\users\larz\documents\rm_framework - cip-final\rm_framework - cip\mygameproject\mygame.cpp(1811): warning C4305: 'argument': truncation from 'double' to 'float'
     1>c:\users\larz\documents\rm_framework - cip-final\rm_framework - cip\mygameproject\mygame.cpp(1827): warning C4305: 'argument': truncation from 'double' to 'float'
     1>c:\users\larz\documents\rm_framework - cip-final\rm_framework - cip\mygameproject\mygame.cpp(1828): warning C4305: 'argument': truncation from 'double' to 'float'
     1>c:\users\larz\documents\rm_framework - cip-final\rm_framework - cip\mygameproject\mygame.cpp(1842): warning C4305: 'argument': truncation from 'double' to 'float'
     1>c:\users\larz\documents\rm_framework - cip-final\rm_framework - cip\mygameproject\mygame.cpp(1844): warning C4305: 'argument': truncation from 'double' to 'float'
     1>c:\users\larz\documents\rm_framework - cip-final\rm_framework - cip\mygameproject\mygame.cpp(1845): warning C4305: 'argument': truncation from 'double' to 'float'
     1>c:\users\larz\documents\rm_framework - cip-final\rm_framework - cip\mygameproject\mygame.cpp(1861): warning C4305: 'argument': truncation from 'double' to 'float'
     1>c:\users\larz\documents\rm_framework - cip-final\rm_framework - cip\mygameproject\mygame.cpp(1862): warning C4305: 'argument': truncation from 'double' to 'float'
     1>c:\users\larz\documents\rm_framework - cip-final\rm_framework - cip\mygameproject\mygame.cpp(1878): warning C4305: 'argument': truncation from 'double' to 'float'
     1>c:\users\larz\documents\rm_framework - cip-final\rm_framework - cip\mygameproject\mygame.cpp(1879): warning C4305: 'argument': truncation from 'double' to 'float'
     1>c:\users\larz\documents\rm_framework - cip-final\rm_framework - cip\mygameproject\mygame.cpp(1896): warning C4305: 'argument': truncation from 'double' to 'float'
     1>c:\users\larz\documents\rm_framework - cip-final\rm_framework - cip\mygameproject\mygame.cpp(1897): warning C4305: 'argument': truncation from 'double' to 'float'
     1>c:\users\larz\documents\rm_framework - cip-final\rm_framework - cip\mygameproject\mygame.cpp(1912): warning C4305: 'argument': truncation from 'double' to 'float'
     1>c:\users\larz\documents\rm_framework - cip-final\rm_framework - cip\mygameproject\mygame.cpp(1914): warning C4305: 'argument': truncation from 'double' to 'float'
     1>c:\users\larz\documents\rm_framework - cip-final\rm_framework - cip\mygameproject\mygame.cpp(1915): warning C4305: 'argument': truncation from 'double' to 'float'
     1>c:\users\larz\documents\rm_framework - cip-final\rm_framework - cip\mygameproject\mygame.cpp(1933): warning C4305: 'argument': truncation from 'double' to 'float'
     1>c:\users\larz\documents\rm_framework - cip-final\rm_framework - cip\mygameproject\mygame.cpp(1934): warning C4305: 'argument': truncation from 'double' to 'float'
     1>c:\users\larz\documents\rm_framework - cip-final\rm_framework - cip\mygameproject\mygame.cpp(1949): warning C4305: 'argument': truncation from 'double' to 'float'
     1>c:\users\larz\documents\rm_framework - cip-final\rm_framework - cip\mygameproject\mygame.cpp(1951): warning C4305: 'argument': truncation from 'double' to 'float'
     1>c:\users\larz\documents\rm_framework - cip-final\rm_framework - cip\mygameproject\mygame.cpp(1952): warning C4305: 'argument': truncation from 'double' to 'float'
     1>c:\users\larz\documents\rm_framework - cip-final\rm_framework - cip\mygameproject\mygame.cpp(1969): warning C4305: 'argument': truncation from 'double' to 'float'
     1>c:\users\larz\documents\rm_framework - cip-final\rm_framework - cip\mygameproject\mygame.cpp(1970): warning C4305: 'argument': truncation from 'double' to 'float'
     1>c:\users\larz\documents\rm_framework - cip-final\rm_framework - cip\mygameproject\mygame.cpp(1987): warning C4305: 'argument': truncation from 'double' to 'float'
     1>c:\users\larz\documents\rm_framework - cip-final\rm_framework - cip\mygameproject\mygame.cpp(1988): warning C4305: 'argument': truncation from 'double' to 'float'
     1>c:\users\larz\documents\rm_framework - cip-final\rm_framework - cip\mygameproject\mygame.cpp(2004): warning C4305: 'argument': truncation from 'double' to 'float'
     1>c:\users\larz\documents\rm_framework - cip-final\rm_framework - cip\mygameproject\mygame.cpp(2017): warning C4305: 'argument': truncation from 'double' to 'float'
     1>c:\users\larz\documents\rm_framework - cip-final\rm_framework - cip\mygameproject\mygame.cpp(2029): warning C4305: 'argument': truncation from 'double' to 'float'
     1>c:\users\larz\documents\rm_framework - cip-final\rm_framework - cip\mygameproject\mygame.cpp(2045): warning C4305: 'argument': truncation from 'double' to 'float'
     1>c:\users\larz\documents\rm_framework - cip-final\rm_framework - cip\mygameproject\mygame.cpp(2046): warning C4305: 'argument': truncation from 'double' to 'float'
     1>c:\users\larz\documents\rm_framework - cip-final\rm_framework - cip\mygameproject\mygame.cpp(2059): warning C4305: 'argument': truncation from 'double' to 'float'
     1>c:\users\larz\documents\rm_framework - cip-final\rm_framework - cip\mygameproject\mygame.cpp(2060): warning C4305: 'argument': truncation from 'double' to 'float'
     1>c:\users\larz\documents\rm_framework - cip-final\rm_framework - cip\mygameproject\mygame.cpp(2072): warning C4305: 'argument': truncation from 'double' to 'float'
     1>c:\users\larz\documents\rm_framework - cip-final\rm_framework - cip\mygameproject\mygame.cpp(2073): warning C4305: 'argument': truncation from 'double' to 'float'
     1>c:\users\larz\documents\rm_framework - cip-final\rm_framework - cip\mygameproject\mygame.cpp(2086): warning C4305: 'argument': truncation from 'double' to 'float'
     1>c:\users\larz\documents\rm_framework - cip-final\rm_framework - cip\mygameproject\mygame.cpp(2087): warning C4305: 'argument': truncation from 'double' to 'float'
     1>c:\users\larz\documents\rm_framework - cip-final\rm_framework - cip\mygameproject\mygame.cpp(2100): warning C4305: 'argument': truncation from 'double' to 'float'
     1>c:\users\larz\documents\rm_framework - cip-final\rm_framework - cip\mygameproject\mygame.cpp(2101): warning C4305: 'argument': truncation from 'double' to 'float'
     1>c:\users\larz\documents\rm_framework - cip-final\rm_framework - cip\mygameproject\mygame.cpp(2114): warning C4305: 'argument': truncation from 'double' to 'float'
     1>c:\users\larz\documents\rm_framework - cip-final\rm_framework - cip\mygameproject\mygame.cpp(2115): warning C4305: 'argument': truncation from 'double' to 'float'
     1>c:\users\larz\documents\rm_framework - cip-final\rm_framework - cip\mygameproject\mygame.cpp(2128): warning C4305: 'argument': truncation from 'double' to 'float'
     1>c:\users\larz\documents\rm_framework - cip-final\rm_framework - cip\mygameproject\mygame.cpp(2129): warning C4305: 'argument': truncation from 'double' to 'float'
     1>c:\users\larz\documents\rm_framework - cip-final\rm_framework - cip\mygameproject\mygame.cpp(2142): warning C4305: 'argument': truncation from 'double' to 'float'
     1>c:\users\larz\documents\rm_framework - cip-final\rm_framework - cip\mygameproject\mygame.cpp(2143): warning C4305: 'argument': truncation from 'double' to 'float'
     1>c:\users\larz\documents\rm_framework - cip-final\rm_framework - cip\mygameproject\mygame.cpp(2156): warning C4305: 'argument': truncation from 'double' to 'float'
     1>c:\users\larz\documents\rm_framework - cip-final\rm_framework - cip\mygameproject\mygame.cpp(2157): warning C4305: 'argument': truncation from 'double' to 'float'
     1>c:\users\larz\documents\rm_framework - cip-final\rm_framework - cip\mygameproject\mygame.cpp(2169): warning C4305: 'argument': truncation from 'double' to 'float'
     1>c:\users\larz\documents\rm_framework - cip-final\rm_framework - cip\mygameproject\mygame.cpp(2170): warning C4305: 'argument': truncation from 'double' to 'float'
     1>c:\users\larz\documents\rm_framework - cip-final\rm_framework - cip\mygameproject\mygame.cpp(2182): warning C4305: 'argument': truncation from 'double' to 'float'
     1>c:\users\larz\documents\rm_framework - cip-final\rm_framework - cip\mygameproject\mygame.cpp(2183): warning C4305: 'argument': truncation from 'double' to 'float'
     1>c:\users\larz\documents\rm_framework - cip-final\rm_framework - cip\mygameproject\mygame.cpp(2196): warning C4305: 'argument': truncation from 'double' to 'float'
     1>c:\users\larz\documents\rm_framework - cip-final\rm_framework - cip\mygameproject\mygame.cpp(2197): warning C4305: 'argument': truncation from 'double' to 'float'
     1>c:\users\larz\documents\rm_framework - cip-final\rm_framework - cip\mygameproject\mygame.cpp(2210): warning C4305: 'argument': truncation from 'double' to 'float'
     1>c:\users\larz\documents\rm_framework - cip-final\rm_framework - cip\mygameproject\mygame.cpp(2211): warning C4305: 'argument': truncation from 'double' to 'float'
     1>c:\users\larz\documents\rm_framework - cip-final\rm_framework - cip\mygameproject\mygame.cpp(2224): warning C4305: 'argument': truncation from 'double' to 'float'
     1>c:\users\larz\documents\rm_framework - cip-final\rm_framework - cip\mygameproject\mygame.cpp(2225): warning C4305: 'argument': truncation from 'double' to 'float'
     1>c:\users\larz\documents\rm_framework - cip-final\rm_framework - cip\mygameproject\mygame.cpp(2238): warning C4305: 'argument': truncation from 'double' to 'float'
     1>c:\users\larz\documents\rm_framework - cip-final\rm_framework - cip\mygameproject\mygame.cpp(2239): warning C4305: 'argument': truncation from 'double' to 'float'
     1>c:\users\larz\documents\rm_framework - cip-final\rm_framework - cip\mygameproject\mygame.cpp(2252): warning C4305: 'argument': truncation from 'double' to 'float'
     1>c:\users\larz\documents\rm_framework - cip-final\rm_framework - cip\mygameproject\mygame.cpp(2253): warning C4305: 'argument': truncation from 'double' to 'float'
     1>c:\users\larz\documents\rm_framework - cip-final\rm_framework - cip\mygameproject\mygame.cpp(2264): warning C4305: 'argument': truncation from 'double' to 'float'
     1>c:\users\larz\documents\rm_framework - cip-final\rm_framework - cip\mygameproject\mygame.cpp(2282): warning C4305: 'argument': truncation from 'double' to 'float'
     1>c:\users\larz\documents\rm_framework - cip-final\rm_framework - cip\mygameproject\mygame.cpp(2299): warning C4305: 'argument': truncation from 'double' to 'float'
     1>c:\users\larz\documents\rm_framework - cip-final\rm_framework - cip\mygameproject\mygame.cpp(2316): warning C4305: 'argument': truncation from 'double' to 'float'
     1>c:\users\larz\documents\rm_framework - cip-final\rm_framework - cip\mygameproject\mygame.cpp(2333): warning C4305: 'argument': truncation from 'double' to 'float'
     1>c:\users\larz\documents\rm_framework - cip-final\rm_framework - cip\mygameproject\mygame.cpp(2360): warning C4305: 'argument': truncation from 'double' to 'float'
     1>c:\users\larz\documents\rm_framework - cip-final\rm_framework - cip\mygameproject\mygame.cpp(2361): warning C4305: 'argument': truncation from 'double' to 'float'
     1>c:\users\larz\documents\rm_framework - cip-final\rm_framework - cip\mygameproject\mygame.cpp(2369): warning C4305: 'argument': truncation from 'double' to 'float'
     1>c:\users\larz\documents\rm_framework - cip-final\rm_framework - cip\mygameproject\mygame.cpp(2370): warning C4305: 'argument': truncation from 'double' to 'float'
     1>c:\users\larz\documents\rm_framework - cip-final\rm_framework - cip\mygameproject\mygame.cpp(2434): warning C4305: 'argument': truncation from 'double' to 'float'
     1>c:\users\larz\documents\rm_framework - cip-final\rm_framework - cip\mygameproject\mygame.cpp(2461): warning C4305: 'argument': truncation from 'double' to 'float'
     1>c:\users\larz\documents\rm_framework - cip-final\rm_framework - cip\mygameproject\mygame.cpp(2462): warning C4305: 'argument': truncation from 'double' to 'float'
         MapStorage.cpp
     1>c:\users\larz\documents\rm_framework - cip-final\rm_framework - cip\mygameproject\mapstorage.cpp(107): warning C4244: '=': conversion from 'int' to 'float', possible loss of data
     1>c:\users\larz\documents\rm_framework - cip-final\rm_framework - cip\mygameproject\mapstorage.cpp(108): warning C4244: '=': conversion from 'int' to 'float', possible loss of data
     1>c:\users\larz\documents\rm_framework - cip-final\rm_framework - cip\mygameproject\mapstorage.cpp(119): warning C4244: '=': conversion from 'int' to 'float', possible loss of data
     1>c:\users\larz\documents\rm_framework - cip-final\rm_framework - cip\mygameproject\mapstorage.cpp(120): warning C4244: '=': conversion from 'int' to 'float', possible loss of data
     1>c:\users\larz\documents\rm_framework - cip-final\rm_framework - cip\mygameproject\mapstorage.cpp(137): warning C4244: '=': conversion from 'int' to 'float', possible loss of data
     1>c:\users\larz\documents\rm_framework - cip-final\rm_framework - cip\mygameproject\mapstorage.cpp(138): warning C4244: '=': conversion from 'int' to 'float', possible loss of data
     1>c:\users\larz\documents\rm_framework - cip-final\rm_framework - cip\mygameproject\mapstorage.cpp(149): warning C4244: '=': conversion from 'int' to 'float', possible loss of data
     1>c:\users\larz\documents\rm_framework - cip-final\rm_framework - cip\mygameproject\mapstorage.cpp(150): warning C4244: '=': conversion from 'int' to 'float', possible loss of data
     1>c:\users\larz\documents\rm_framework - cip-final\rm_framework - cip\mygameproject\mapstorage.cpp(299): warning C4244: '=': conversion from 'int' to 'float', possible loss of data
     1>c:\users\larz\documents\rm_framework - cip-final\rm_framework - cip\mygameproject\mapstorage.cpp(300): warning C4244: '=': conversion from 'int' to 'float', possible loss of data
         GuardCaptain.cpp
         GuardBehavior.cpp
     1>c:\users\larz\documents\rm_framework - cip-final\rm_framework - cip\mygameproject\guardbehavior.cpp(47): warning C4244: 'argument': conversion from 'float' to 'int', possible loss of data
     1>c:\users\larz\documents\rm_framework - cip-final\rm_framework - cip\mygameproject\guardbehavior.cpp(58): warning C4244: 'argument': conversion from 'double' to 'float', possible loss of data
     1>c:\users\larz\documents\rm_framework - cip-final\rm_framework - cip\mygameproject\guardbehavior.cpp(90): warning C4244: 'argument': conversion from 'float' to 'int', possible loss of data
     1>c:\users\larz\documents\rm_framework - cip-final\rm_framework - cip\mygameproject\guardbehavior.cpp(97): warning C4244: 'argument': conversion from 'double' to 'float', possible loss of data
         FireRayBehavior.cpp
         FireEnemyMissileBehavior.cpp
     1>c:\users\larz\documents\rm_framework - cip-final\rm_framework - cip\mygameproject\fireenemymissilebehavior.cpp(38): warning C4305: 'initializing': truncation from 'double' to 'float'
     1>c:\users\larz\documents\rm_framework - cip-final\rm_framework - cip\mygameproject\fireenemymissilebehavior.cpp(44): warning C4305: 'argument': truncation from 'double' to 'float'
         Generating Code...
       ResourceCompile:
         C:\Program Files (x86)\Windows Kits\8.1\bin\x86\rc.exe /D _UNICODE /D UNICODE /l"0x0409" /nologo /fo"Debug\MyGameProject.res" MyGameProject.rc 
       Link:
         C:\Program Files (x86)\Microsoft Visual Studio 14.0\VC\bin\link.exe /ERRORREPORT:PROMPT /OUT:"C:\Users\larz\Documents\rm_framework - Cip-final\rm_framework - Cip\Debug\MyGameProject.exe" /INCREMENTAL /NOLOGO rm_framework.lib dxguid.lib dinput8.lib FreeImage.lib opengl32.lib glu32.lib kernel32.lib user32.lib gdi32.lib winspool.lib comdlg32.lib advapi32.lib shell32.lib ole32.lib oleaut32.lib uuid.lib odbc32.lib odbccp32.lib /MANIFEST /MANIFESTUAC:"level='asInvoker' uiAccess='false'" /manifest:embed /Debug /PDB:"C:\Users\larz\Documents\rm_framework - Cip-final\rm_framework - Cip\Debug\MyGameProject.pdb" /SUBSYSTEM:WINDOWS /TLBID:1 /DYNAMICBASE /NXCOMPAT /IMPLIB:"C:\Users\larz\Documents\rm_framework - Cip-final\rm_framework - Cip\Debug\MyGameProject.lib" /MACHINE:X86 Debug\MyGameProject.res
         Debug\FireEnemyMissileBehavior.obj
         Debug\FireRayBehavior.obj
         Debug\GuardBehavior.obj
         Debug\GuardCaptain.obj
         Debug\MapStorage.obj
         Debug\MyGame.obj
         Debug\MyGameProject.obj
         Debug\FireMissileBehavior.obj
         Debug\stdafx.obj
         FreeImage.lib
         MyGameProject.vcxproj -> C:\Users\larz\Documents\rm_framework - Cip-final\rm_framework - Cip\Debug\MyGameProject.exe
     1>Done Building Project "C:\Users\larz\Documents\rm_framework - Cip-final\rm_framework - Cip\MyGameProject\MyGameProject.vcxproj" (Build target(s)).

Build succeeded.

Time Elapsed 00:00:02.07
