d:\rm_framework - cip\debug\rm_framework.pch
d:\rm_framework - cip\debug\rm_framework.pdb
d:\rm_framework - cip\debug\rm_framework.idb
d:\rm_framework - cip\debug\stdafx.obj
d:\rm_framework - cip\debug\playerbehavior.obj
d:\rm_framework - cip\debug\playerspotted.obj
d:\rm_framework - cip\debug\raybehavior.obj
d:\rm_framework - cip\debug\rayrenderable.obj
d:\rm_framework - cip\debug\skyboxmaterial.obj
d:\rm_framework - cip\debug\skyboxrenderable.obj
d:\rm_framework - cip\debug\spherecollider.obj
d:\rm_framework - cip\debug\spinbehavior.obj
d:\rm_framework - cip\debug\sprite.obj
d:\rm_framework - cip\debug\spritesheetanimationbehavior.obj
d:\rm_framework - cip\debug\tagmanager.obj
d:\rm_framework - cip\debug\terrainrenderable.obj
d:\rm_framework - cip\debug\textureloader.obj
d:\rm_framework - cip\debug\timeddeletionbehavior.obj
d:\rm_framework - cip\debug\transparentrenderingmanager.obj
d:\rm_framework - cip\debug\turnaftertimebehavior.obj
d:\rm_framework - cip\debug\updateboundingspherebehavior.obj
d:\rm_framework - cip\debug\timer.obj
d:\rm_framework - cip\debug\transform.obj
d:\rm_framework - cip\debug\vector.obj
d:\rm_framework - cip\debug\guiplaybuttonbehavior.obj
d:\rm_framework - cip\debug\guitexturerenderable.obj
d:\rm_framework - cip\debug\gunrecoilbehaviour.obj
d:\rm_framework - cip\debug\ibehavior.obj
d:\rm_framework - cip\debug\icollider.obj
d:\rm_framework - cip\debug\icollisionresponder.obj
d:\rm_framework - cip\debug\icomponent.obj
d:\rm_framework - cip\debug\imaterial.obj
d:\rm_framework - cip\debug\imouselistener.obj
d:\rm_framework - cip\debug\input.obj
d:\rm_framework - cip\debug\irenderable.obj
d:\rm_framework - cip\debug\laddercollider.obj
d:\rm_framework - cip\debug\litmaterial.obj
d:\rm_framework - cip\debug\meshrenderable.obj
d:\rm_framework - cip\debug\missilebehavior.obj
d:\rm_framework - cip\debug\missilecheckcollisionbehavior.obj
d:\rm_framework - cip\debug\missilecheckplayercollisionbehavior.obj
d:\rm_framework - cip\debug\mousemanager.obj
d:\rm_framework - cip\debug\node.obj
d:\rm_framework - cip\debug\planecollider.obj
d:\rm_framework - cip\debug\particlesystembehavior.obj
d:\rm_framework - cip\debug\agentbehavior.obj
d:\rm_framework - cip\debug\c3dshape.obj
d:\rm_framework - cip\debug\camera.obj
d:\rm_framework - cip\debug\collidedeletebehavior.obj
d:\rm_framework - cip\debug\collisionmanager.obj
d:\rm_framework - cip\debug\colourmaterial.obj
d:\rm_framework - cip\debug\constantvelocitybehavior.obj
d:\rm_framework - cip\debug\cubecollider.obj
d:\rm_framework - cip\debug\debuglog.obj
d:\rm_framework - cip\debug\destroyedbymissilecollisionresponder.obj
d:\rm_framework - cip\debug\exitmenu.obj
d:\rm_framework - cip\debug\facecamerabehavior.obj
d:\rm_framework - cip\debug\fallundergravitybehavior.obj
d:\rm_framework - cip\debug\fpscamerabehavior.obj
d:\rm_framework - cip\debug\game.obj
d:\rm_framework - cip\debug\gameobject.obj
d:\rm_framework - cip\debug\graphics.obj
d:\rm_framework - cip\debug\guibuttonbehavior.obj
d:\rm_framework - cip\debug\guiexitbuttonbehavior.obj
d:\rm_framework - cip\debug\movingforwardbehavior.obj
d:\rm_framework - cip\debug\particlebehavior.obj
d:\rm_framework - cip\debug\rm_framework.lib
d:\rm_framework - cip\debug\rm_framework.res
d:\rm_framework - cip\debug\mygameproject.ilk
d:\rm_framework - cip\debug\rm_framework_tests.exp
d:\rm_framework - cip\debug\mygameproject.pdb
d:\rm_framework - cip\debug\rm_framework_tests.pdb
d:\rm_framework - cip\debug\rm_framework.tlog\cl.command.1.tlog
d:\rm_framework - cip\debug\rm_framework.tlog\cl.read.1.tlog
d:\rm_framework - cip\debug\rm_framework.tlog\cl.write.1.tlog
d:\rm_framework - cip\debug\rm_framework.tlog\lib-link-cvtres.read.1.tlog
d:\rm_framework - cip\debug\rm_framework.tlog\lib-link-cvtres.write.1.tlog
d:\rm_framework - cip\debug\rm_framework.tlog\lib.command.1.tlog
d:\rm_framework - cip\debug\rm_framework.tlog\rc.command.1.tlog
d:\rm_framework - cip\debug\rm_framework.tlog\rc.read.1.tlog
d:\rm_framework - cip\debug\rm_framework.tlog\rc.write.1.tlog
